The system is: Linux - 5.10.16.3-microsoft-standard-WSL2 - x86_64
Compiling the CXX compiler identification source file "CMakeCXXCompilerId.cpp" succeeded.
Compiler: /usr/bin/c++ 
Build flags: 
Id flags:  

The output was:
0


Compilation of the CXX compiler identification source "CMakeCXXCompilerId.cpp" produced "a.out"

The CXX compiler identification is GNU, found in "/mnt/c/CGAssignments/CGAssign/dipplin/CMakeFiles/3.22.1/CompilerIdCXX/a.out"

Determining if the CXX compiler works passed with the following output:
Change Dir: /mnt/c/CGAssignments/CGAssign/dipplin/CMakeFiles/CMakeTmp

Run Build Command(s):/usr/bin/gmake -f Makefile cmTC_57a4e/fast && /usr/bin/gmake  -f CMakeFiles/cmTC_57a4e.dir/build.make CMakeFiles/cmTC_57a4e.dir/build
gmake[1]: Entering directory '/mnt/c/CGAssignments/CGAssign/dipplin/CMakeFiles/CMakeTmp'
Building CXX object CMakeFiles/cmTC_57a4e.dir/testCXXCompiler.cxx.o
/usr/bin/c++    -o CMakeFiles/cmTC_57a4e.dir/testCXXCompiler.cxx.o -c /mnt/c/CGAssignments/CGAssign/dipplin/CMakeFiles/CMakeTmp/testCXXCompiler.cxx
Linking CXX executable cmTC_57a4e
/usr/bin/cmake -E cmake_link_script CMakeFiles/cmTC_57a4e.dir/link.txt --verbose=1
/usr/bin/c++ CMakeFiles/cmTC_57a4e.dir/testCXXCompiler.cxx.o -o cmTC_57a4e 
gmake[1]: Leaving directory '/mnt/c/CGAssignments/CGAssign/dipplin/CMakeFiles/CMakeTmp'



Performing C++ SOURCE FILE Test COMPILER_SUPPORTS_WARNINGS_GNU succeeded with the following output:
Change Dir: /mnt/c/CGAssignments/CGAssign/dipplin/CMakeFiles/CMakeTmp

Run Build Command(s):/usr/bin/gmake -f Makefile cmTC_11571/fast && /usr/bin/gmake  -f CMakeFiles/cmTC_11571.dir/build.make CMakeFiles/cmTC_11571.dir/build
gmake[1]: Entering directory '/mnt/c/CGAssignments/CGAssign/dipplin/CMakeFiles/CMakeTmp'
Building CXX object CMakeFiles/cmTC_11571.dir/src.cxx.o
/usr/bin/c++ -DCOMPILER_SUPPORTS_WARNINGS_GNU  -Wall -Wextra -pedantic -Wno-unused-parameter -Wno-unused-function -Wno-psabi -o CMakeFiles/cmTC_11571.dir/src.cxx.o -c /mnt/c/CGAssignments/CGAssign/dipplin/CMakeFiles/CMakeTmp/src.cxx
Linking CXX executable cmTC_11571
/usr/bin/cmake -E cmake_link_script CMakeFiles/cmTC_11571.dir/link.txt --verbose=1
/usr/bin/c++ CMakeFiles/cmTC_11571.dir/src.cxx.o -o cmTC_11571 
gmake[1]: Leaving directory '/mnt/c/CGAssignments/CGAssign/dipplin/CMakeFiles/CMakeTmp'


Source file was:
int main() { return 0; }
Compiling the C compiler identification source file "CMakeCCompilerId.c" succeeded.
Compiler: /usr/bin/cc 
Build flags: 
Id flags:  

The output was:
0


Compilation of the C compiler identification source "CMakeCCompilerId.c" produced "a.out"

The C compiler identification is GNU, found in "/mnt/c/CGAssignments/CGAssign/dipplin/CMakeFiles/3.22.1/CompilerIdC/a.out"

Determining if the C compiler works passed with the following output:
Change Dir: /mnt/c/CGAssignments/CGAssign/dipplin/CMakeFiles/CMakeTmp

Run Build Command(s):/usr/bin/gmake -f Makefile cmTC_89e55/fast && /usr/bin/gmake  -f CMakeFiles/cmTC_89e55.dir/build.make CMakeFiles/cmTC_89e55.dir/build
gmake[1]: Entering directory '/mnt/c/CGAssignments/CGAssign/dipplin/CMakeFiles/CMakeTmp'
Building C object CMakeFiles/cmTC_89e55.dir/testCCompiler.c.o
/usr/bin/cc    -o CMakeFiles/cmTC_89e55.dir/testCCompiler.c.o -c /mnt/c/CGAssignments/CGAssign/dipplin/CMakeFiles/CMakeTmp/testCCompiler.c
Linking C executable cmTC_89e55
/usr/bin/cmake -E cmake_link_script CMakeFiles/cmTC_89e55.dir/link.txt --verbose=1
/usr/bin/cc CMakeFiles/cmTC_89e55.dir/testCCompiler.c.o -o cmTC_89e55 
gmake[1]: Leaving directory '/mnt/c/CGAssignments/CGAssign/dipplin/CMakeFiles/CMakeTmp'



Performing C++ SOURCE FILE Test COMPILER_HAS_HIDDEN_VISIBILITY succeeded with the following output:
Change Dir: /mnt/c/CGAssignments/CGAssign/dipplin/CMakeFiles/CMakeTmp

Run Build Command(s):/usr/bin/gmake -f Makefile cmTC_58957/fast && /usr/bin/gmake  -f CMakeFiles/cmTC_58957.dir/build.make CMakeFiles/cmTC_58957.dir/build
gmake[1]: Entering directory '/mnt/c/CGAssignments/CGAssign/dipplin/CMakeFiles/CMakeTmp'
Building CXX object CMakeFiles/cmTC_58957.dir/src.cxx.o
/usr/bin/c++ -DCOMPILER_HAS_HIDDEN_VISIBILITY  -fvisibility=hidden -o CMakeFiles/cmTC_58957.dir/src.cxx.o -c /mnt/c/CGAssignments/CGAssign/dipplin/CMakeFiles/CMakeTmp/src.cxx
Linking CXX executable cmTC_58957
/usr/bin/cmake -E cmake_link_script CMakeFiles/cmTC_58957.dir/link.txt --verbose=1
/usr/bin/c++ CMakeFiles/cmTC_58957.dir/src.cxx.o -o cmTC_58957 
gmake[1]: Leaving directory '/mnt/c/CGAssignments/CGAssign/dipplin/CMakeFiles/CMakeTmp'


Source file was:
int main() { return 0; }
Performing C++ SOURCE FILE Test COMPILER_HAS_HIDDEN_INLINE_VISIBILITY succeeded with the following output:
Change Dir: /mnt/c/CGAssignments/CGAssign/dipplin/CMakeFiles/CMakeTmp

Run Build Command(s):/usr/bin/gmake -f Makefile cmTC_bf2fe/fast && /usr/bin/gmake  -f CMakeFiles/cmTC_bf2fe.dir/build.make CMakeFiles/cmTC_bf2fe.dir/build
gmake[1]: Entering directory '/mnt/c/CGAssignments/CGAssign/dipplin/CMakeFiles/CMakeTmp'
Building CXX object CMakeFiles/cmTC_bf2fe.dir/src.cxx.o
/usr/bin/c++ -DCOMPILER_HAS_HIDDEN_INLINE_VISIBILITY  -fvisibility-inlines-hidden -o CMakeFiles/cmTC_bf2fe.dir/src.cxx.o -c /mnt/c/CGAssignments/CGAssign/dipplin/CMakeFiles/CMakeTmp/src.cxx
Linking CXX executable cmTC_bf2fe
/usr/bin/cmake -E cmake_link_script CMakeFiles/cmTC_bf2fe.dir/link.txt --verbose=1
/usr/bin/c++ CMakeFiles/cmTC_bf2fe.dir/src.cxx.o -o cmTC_bf2fe 
gmake[1]: Leaving directory '/mnt/c/CGAssignments/CGAssign/dipplin/CMakeFiles/CMakeTmp'


Source file was:
int main() { return 0; }
Performing C++ SOURCE FILE Test COMPILER_HAS_DEPRECATED_ATTR succeeded with the following output:
Change Dir: /mnt/c/CGAssignments/CGAssign/dipplin/CMakeFiles/CMakeTmp

Run Build Command(s):/usr/bin/gmake -f Makefile cmTC_561f9/fast && /usr/bin/gmake  -f CMakeFiles/cmTC_561f9.dir/build.make CMakeFiles/cmTC_561f9.dir/build
gmake[1]: Entering directory '/mnt/c/CGAssignments/CGAssign/dipplin/CMakeFiles/CMakeTmp'
Building CXX object CMakeFiles/cmTC_561f9.dir/src.cxx.o
/usr/bin/c++ -DCOMPILER_HAS_DEPRECATED_ATTR   -o CMakeFiles/cmTC_561f9.dir/src.cxx.o -c /mnt/c/CGAssignments/CGAssign/dipplin/CMakeFiles/CMakeTmp/src.cxx
/mnt/c/CGAssignments/CGAssign/dipplin/CMakeFiles/CMakeTmp/src.cxx: In function ‘int main()’:
/mnt/c/CGAssignments/CGAssign/dipplin/CMakeFiles/CMakeTmp/src.cxx:2:33: warning: ‘int somefunc()’ is deprecated [-Wdeprecated-declarations]
    2 |     int main() { return somefunc();}
      |                         ~~~~~~~~^~
/mnt/c/CGAssignments/CGAssign/dipplin/CMakeFiles/CMakeTmp/src.cxx:1:37: note: declared here
    1 | __attribute__((__deprecated__)) int somefunc() { return 0; }
      |                                     ^~~~~~~~
Linking CXX executable cmTC_561f9
/usr/bin/cmake -E cmake_link_script CMakeFiles/cmTC_561f9.dir/link.txt --verbose=1
/usr/bin/c++ CMakeFiles/cmTC_561f9.dir/src.cxx.o -o cmTC_561f9 
gmake[1]: Leaving directory '/mnt/c/CGAssignments/CGAssign/dipplin/CMakeFiles/CMakeTmp'


Source file was:
__attribute__((__deprecated__)) int somefunc() { return 0; }
    int main() { return somefunc();}
Determining if the include file pthread.h exists passed with the following output:
Change Dir: /mnt/c/CGAssignments/CGAssign/dipplin/CMakeFiles/CMakeTmp

Run Build Command(s):/usr/bin/gmake -f Makefile cmTC_18420/fast && /usr/bin/gmake  -f CMakeFiles/cmTC_18420.dir/build.make CMakeFiles/cmTC_18420.dir/build
gmake[1]: Entering directory '/mnt/c/CGAssignments/CGAssign/dipplin/CMakeFiles/CMakeTmp'
Building CXX object CMakeFiles/cmTC_18420.dir/CheckIncludeFile.cxx.o
/usr/bin/c++    -o CMakeFiles/cmTC_18420.dir/CheckIncludeFile.cxx.o -c /mnt/c/CGAssignments/CGAssign/dipplin/CMakeFiles/CMakeTmp/CheckIncludeFile.cxx
Linking CXX executable cmTC_18420
/usr/bin/cmake -E cmake_link_script CMakeFiles/cmTC_18420.dir/link.txt --verbose=1
/usr/bin/c++ CMakeFiles/cmTC_18420.dir/CheckIncludeFile.cxx.o -o cmTC_18420 
gmake[1]: Leaving directory '/mnt/c/CGAssignments/CGAssign/dipplin/CMakeFiles/CMakeTmp'



Performing C++ SOURCE FILE Test CMAKE_HAVE_LIBC_PTHREAD succeeded with the following output:
Change Dir: /mnt/c/CGAssignments/CGAssign/dipplin/CMakeFiles/CMakeTmp

Run Build Command(s):/usr/bin/gmake -f Makefile cmTC_5eaad/fast && /usr/bin/gmake  -f CMakeFiles/cmTC_5eaad.dir/build.make CMakeFiles/cmTC_5eaad.dir/build
gmake[1]: Entering directory '/mnt/c/CGAssignments/CGAssign/dipplin/CMakeFiles/CMakeTmp'
Building CXX object CMakeFiles/cmTC_5eaad.dir/src.cxx.o
/usr/bin/c++ -DCMAKE_HAVE_LIBC_PTHREAD   -o CMakeFiles/cmTC_5eaad.dir/src.cxx.o -c /mnt/c/CGAssignments/CGAssign/dipplin/CMakeFiles/CMakeTmp/src.cxx
Linking CXX executable cmTC_5eaad
/usr/bin/cmake -E cmake_link_script CMakeFiles/cmTC_5eaad.dir/link.txt --verbose=1
/usr/bin/c++ CMakeFiles/cmTC_5eaad.dir/src.cxx.o -o cmTC_5eaad 
gmake[1]: Leaving directory '/mnt/c/CGAssignments/CGAssign/dipplin/CMakeFiles/CMakeTmp'


Source file was:
#include <pthread.h>

static void* test_func(void* data)
{
  return data;
}

int main(void)
{
  pthread_t thread;
  pthread_create(&thread, NULL, test_func, NULL);
  pthread_detach(thread);
  pthread_cancel(thread);
  pthread_join(thread, NULL);
  pthread_atfork(NULL, NULL, NULL);
  pthread_exit(NULL);

  return 0;
}

